<?xml version="1.0" encoding="utf-8"?><testsuites><testsuite errors="1" failures="0" hostname="xps-mrojas" name="pytest" skipped="0" tests="1" time="196.951" timestamp="2021-02-23T15:59:02.557186"><testcase classname="" name="node_modules.blocking-proxy.examples.e2e_test" time="0.000"><error message="collection failure">c:\python37\lib\site-packages\_pytest\python.py:571: in _importtestmodule
    mod = import_path(self.fspath, mode=importmode)
c:\python37\lib\site-packages\_pytest\pathlib.py:517: in import_path
    importlib.import_module(module_name)
c:\python37\lib\importlib\__init__.py:127: in import_module
    return _bootstrap._gcd_import(name[level:], package, level)
&lt;frozen importlib._bootstrap&gt;:1006: in _gcd_import
    ???
&lt;frozen importlib._bootstrap&gt;:983: in _find_and_load
    ???
&lt;frozen importlib._bootstrap&gt;:967: in _find_and_load_unlocked
    ???
&lt;frozen importlib._bootstrap&gt;:677: in _load_unlocked
    ???
c:\python37\lib\site-packages\_pytest\assertion\rewrite.py:162: in exec_module
    source_stat, co = _rewrite_test(fn, self.config)
c:\python37\lib\site-packages\_pytest\assertion\rewrite.py:357: in _rewrite_test
    tree = ast.parse(source, filename=fn_)
c:\python37\lib\ast.py:35: in parse
    return compile(source, filename, mode, PyCF_ONLY_AST)
E     File "f:\bug1\webforms-to-webmap\Target\hiringtrackingsite-angular\node_modules\blocking-proxy\examples\e2e_test.py", line 8
E       print "Loading angularjs.org"
E                                   ^
E   SyntaxError: Missing parentheses in call to 'print'. Did you mean print("Loading angularjs.org")?</error></testcase></testsuite></testsuites>